<?xml version="1.0" encoding="UTF-8"?>
<testsuite xmlns:xsi="http://www.w3.org/2001/XMLSchema-instance" xsi:noNamespaceSchemaLocation="https://maven.apache.org/surefire/maven-surefire-plugin/xsd/surefire-test-report.xsd" version="3.0.1" name="com.revature.unitTests.UnitSuite" time="1.601" tests="43" errors="0" skipped="0" failures="0">
  <properties>
[...]
</properties>
  <testcase name="createMoonFailure[0]" classname="com.revature.unitTests.service.moon.negative.ServiceMoonCreationTest" time="1.109"/>
  <testcase name="createMoonFailure[1]" classname="com.revature.unitTests.service.moon.negative.ServiceMoonCreationTest" time="0.008"/>
  <testcase name="createMoonFailure[2]" classname="com.revature.unitTests.service.moon.negative.ServiceMoonCreationTest" time="0.011"/>
  <testcase name="createMoonFailure[3]" classname="com.revature.unitTests.service.moon.negative.ServiceMoonCreationTest" time="0.009"/>
  <testcase name="createMoonFailure[4]" classname="com.revature.unitTests.service.moon.negative.ServiceMoonCreationTest" time="0.009"/>
  <testcase name="createMoonFailure[5]" classname="com.revature.unitTests.service.moon.negative.ServiceMoonCreationTest" time="0.022"/>
  <testcase name="deleteMoonFailure" classname="com.revature.unitTests.service.moon.negative.ServiceMoonDeletionTest" time="0.008"/>
  <testcase name="selectByPlanetFailure" classname="com.revature.unitTests.service.moon.negative.ServiceMoonRetrievalTest" time="0.008"/>
  <testcase name="deleteMoonSuccess" classname="com.revature.unitTests.service.moon.positive.ServiceMoonTests" time="0.009"/>
  <testcase name="createMoonSuccess" classname="com.revature.unitTests.service.moon.positive.ServiceMoonTests" time="0.009"/>
  <testcase name="selectByPlanetSuccess" classname="com.revature.unitTests.service.moon.positive.ServiceMoonTests" time="0.008"/>
  <testcase name="serviceCreatePlanetNegatives[0]" classname="com.revature.unitTests.service.planet.negative.ServicePlanetCreateTest" time="0.042"/>
  <testcase name="serviceCreatePlanetNegatives[1]" classname="com.revature.unitTests.service.planet.negative.ServicePlanetCreateTest" time="0.011"/>
  <testcase name="serviceCreatePlanetNegatives[2]" classname="com.revature.unitTests.service.planet.negative.ServicePlanetCreateTest" time="0.013">
    <system-out><![CDATA[dao failed to create planet, invalid planet name
]]></system-out>
  </testcase>
  <testcase name="serviceCreatePlanetNegatives[3]" classname="com.revature.unitTests.service.planet.negative.ServicePlanetCreateTest" time="0.007">
    <system-out><![CDATA[dao returned an existing planet, invalid planet name
]]></system-out>
  </testcase>
  <testcase name="serviceCreatePlanetNegatives[4]" classname="com.revature.unitTests.service.planet.negative.ServicePlanetCreateTest" time="0.008"/>
  <testcase name="serviceCreatePlanetNegatives[5]" classname="com.revature.unitTests.service.planet.negative.ServicePlanetCreateTest" time="0.009"/>
  <testcase name="serviceDeletePlanetFailure[0]" classname="com.revature.unitTests.service.planet.negative.ServicePlanetDeleteTest" time="0.007"/>
  <testcase name="serviceDeletePlanetFailure[1]" classname="com.revature.unitTests.service.planet.negative.ServicePlanetDeleteTest" time="0.008"/>
  <testcase name="serviceSelectPlanetNegatives[0]" classname="com.revature.unitTests.service.planet.negative.ServicePlanetSelectTest" time="0.008"/>
  <testcase name="serviceSelectPlanetNegatives[1]" classname="com.revature.unitTests.service.planet.negative.ServicePlanetSelectTest" time="0.008"/>
  <testcase name="createPlanetPositive" classname="com.revature.unitTests.service.planet.positive.ServicePlanetTest" time="0.008"/>
  <testcase name="deletePlanet" classname="com.revature.unitTests.service.planet.positive.ServicePlanetTest" time="0.009"/>
  <testcase name="selectByOwner" classname="com.revature.unitTests.service.planet.positive.ServicePlanetTest" time="0.008"/>
  <testcase name="authenticateNegative[0]" classname="com.revature.unitTests.service.user.negative.ServiceAuthenticateTest" time="0.03"/>
  <testcase name="authenticateNegative[1]" classname="com.revature.unitTests.service.user.negative.ServiceAuthenticateTest" time="0.01"/>
  <testcase name="authenticateNegative[2]" classname="com.revature.unitTests.service.user.negative.ServiceAuthenticateTest" time="0.007"/>
  <testcase name="createUserNegative[0]" classname="com.revature.unitTests.service.user.negative.ServiceCreateUserTest" time="0.007"/>
  <testcase name="createUserNegative[1]" classname="com.revature.unitTests.service.user.negative.ServiceCreateUserTest" time="0.008"/>
  <testcase name="createUserNegative[2]" classname="com.revature.unitTests.service.user.negative.ServiceCreateUserTest" time="0.008"/>
  <testcase name="createUserNegative[3]" classname="com.revature.unitTests.service.user.negative.ServiceCreateUserTest" time="0.007"/>
  <testcase name="createUserNegative[4]" classname="com.revature.unitTests.service.user.negative.ServiceCreateUserTest" time="0.008"/>
  <testcase name="createUserNegative[5]" classname="com.revature.unitTests.service.user.negative.ServiceCreateUserTest" time="0.007"/>
  <testcase name="createUserNegative[6]" classname="com.revature.unitTests.service.user.negative.ServiceCreateUserTest" time="0.008"/>
  <testcase name="createUserNegative[7]" classname="com.revature.unitTests.service.user.negative.ServiceCreateUserTest" time="0.007"/>
  <testcase name="createUserNegative[8]" classname="com.revature.unitTests.service.user.negative.ServiceCreateUserTest" time="0.008"/>
  <testcase name="createUserNegative[9]" classname="com.revature.unitTests.service.user.negative.ServiceCreateUserTest" time="0.007"/>
  <testcase name="createUserNegative[10]" classname="com.revature.unitTests.service.user.negative.ServiceCreateUserTest" time="0.008"/>
  <testcase name="createUserNegative[11]" classname="com.revature.unitTests.service.user.negative.ServiceCreateUserTest" time="0.009"/>
  <testcase name="createUserNegative[12]" classname="com.revature.unitTests.service.user.negative.ServiceCreateUserTest" time="0.009"/>
  <testcase name="createUserNegative[13]" classname="com.revature.unitTests.service.user.negative.ServiceCreateUserTest" time="0.007"/>
  <testcase name="authenticatePositive" classname="com.revature.unitTests.service.user.positive.ServiceUserTest" time="0.017">
    <system-out><![CDATA[Batman, Iamthenight1939
]]></system-out>
  </testcase>
  <testcase name="createUserPositive" classname="com.revature.unitTests.service.user.positive.ServiceUserTest" time="0.007">
    <system-out><![CDATA[User created successfully
]]></system-out>
  </testcase>
</testsuite>